{
  "RSpec": {
    "coverage": {
      "/Users/ianknauer/programming/clio/clio-in-out-stub/app/models/user.rb": [
        1,
        1,
        null,
        1,
        null,
        null,
        1,
        null,
        3,
        null,
        1,
        null,
        1,
        null,
        null,
        1,
        0,
        null,
        null,
        1,
        18,
        null,
        null,
        1,
        19,
        null,
        null,
        1,
        2,
        null,
        null,
        1,
        0,
        null,
        null,
        null,
        null,
        null,
        null,
        null,
        1,
        0,
        null,
        null,
        null,
        null,
        null,
        null,
        null,
        null
      ],
      "/Users/ianknauer/programming/clio/clio-in-out-stub/app/controllers/application_controller.rb": [
        1,
        null,
        1,
        null,
        null
      ],
      "/Users/ianknauer/programming/clio/clio-in-out-stub/app/helpers/application_helper.rb": [
        1,
        null,
        1,
        null,
        0,
        null,
        null,
        1,
        null,
        null,
        0,
        null,
        null,
        null
      ],
      "/Users/ianknauer/programming/clio/clio-in-out-stub/app/controllers/teams_controller.rb": [
        1,
        null,
        1,
        1,
        null,
        null,
        1,
        4,
        4,
        2,
        2,
        2,
        null,
        2,
        null,
        null,
        null,
        1,
        2,
        2,
        2,
        null,
        null,
        1,
        1,
        1,
        null,
        null,
        1,
        2,
        2,
        0,
        0,
        null,
        2,
        2,
        null,
        null,
        null
      ],
      "/Users/ianknauer/programming/clio/clio-in-out-stub/app/models/team.rb": [
        1,
        1,
        null,
        1,
        null,
        1,
        null
      ],
      "/Users/ianknauer/programming/clio/clio-in-out-stub/app/controllers/users_controller.rb": [
        1,
        1,
        1,
        null,
        1,
        1,
        1,
        null,
        0,
        0,
        null,
        null,
        null,
        1,
        1,
        1,
        2,
        null,
        null,
        null,
        1,
        0,
        0,
        null,
        null,
        null,
        1,
        0,
        0,
        0,
        null,
        null,
        1,
        0,
        0,
        0,
        null,
        0,
        null,
        0,
        null,
        null,
        1,
        0,
        0,
        0,
        0,
        null,
        0,
        0,
        null,
        null,
        null,
        1,
        null,
        1,
        0,
        0,
        0,
        null,
        null,
        null,
        1,
        0,
        null,
        null,
        null
      ]
    },
    "timestamp": 1430183602
  }
}
